<html>
<head>
<title>TestNG:  Test</title>
<link href="../testng.css" rel="stylesheet" type="text/css" />
<link href="../my-testng.css" rel="stylesheet" type="text/css" />

<style type="text/css">
.log { display: none;} 
.stack-trace { display: none;} 
</style>
<script type="text/javascript">
<!--
function flip(e) {
  current = e.style.display;
  if (current == 'block') {
    e.style.display = 'none';
    return 0;
  }
  else {
    e.style.display = 'block';
    return 1;
  }
}

function toggleBox(szDivId, elem, msg1, msg2)
{
  var res = -1;  if (document.getElementById) {
    res = flip(document.getElementById(szDivId));
  }
  else if (document.all) {
    // this is the way old msie versions work
    res = flip(document.all[szDivId]);
  }
  if(elem) {
    if(res == 0) elem.innerHTML = msg1; else elem.innerHTML = msg2;
  }

}

function toggleAllBoxes() {
  if (document.getElementsByTagName) {
    d = document.getElementsByTagName('div');
    for (i = 0; i < d.length; i++) {
      if (d[i].className == 'log') {
        flip(d[i]);
      }
    }
  }
}

// -->
</script>

</head>
<body>
<h2 align='center'>Test</h2><table border='1' align="center">
<tr>
<td>Tests passed/Failed/Skipped:</td><td>5/0/0</td>
</tr><tr>
<td>Started on:</td><td>Tue Nov 21 19:46:12 TRT 2023</td>
</tr>
<tr><td>Total time:</td><td>62 seconds (62176 ms)</td>
</tr><tr>
<td>Included groups:</td><td></td>
</tr><tr>
<td>Excluded groups:</td><td></td>
</tr>
</table><p/>
<small><i>(Hover the method name to see the test class name)</i></small><p/>
<table width='100%' border='1' class='invocation-failed'>
<tr><td colspan='4' align='center'><b>FAILED CONFIGURATIONS</b></td></tr>
<tr><td><b>Test method</b></td>
<td width="30%"><b>Exception</b></td>
<td width="10%"><b>Time (seconds)</b></td>
<td><b>Instance</b></td>
</tr>
<tr>
<td title='kultkavaklidere.tests.KrediKarti.closeDriver()'><b>closeDriver</b><br>Test class: kultkavaklidere.tests.KrediKarti</td>
<td><div><pre>java.lang.NullPointerException: Cannot invoke &quot;org.openqa.selenium.WebDriver.quit()&quot; because &quot;d&quot; is null
	at kultkavaklidere.TestComponents.BaseTest.closeDriver(BaseTest.java:46)
... Removed 24 stack frames</pre></div><a href='#' onClick='toggleBox("stack-trace1418555530", this, "Click to show all stack frames", "Click to hide stack frames")'>Click to show all stack frames</a>
<div class='stack-trace' id='stack-trace1418555530'><pre>java.lang.NullPointerException: Cannot invoke &quot;org.openqa.selenium.WebDriver.quit()&quot; because &quot;d&quot; is null
	at kultkavaklidere.TestComponents.BaseTest.closeDriver(BaseTest.java:46)
	at java.base/jdk.internal.reflect.NativeMethodAccessorImpl.invoke0(Native Method)
	at java.base/jdk.internal.reflect.NativeMethodAccessorImpl.invoke(NativeMethodAccessorImpl.java:77)
	at java.base/jdk.internal.reflect.DelegatingMethodAccessorImpl.invoke(DelegatingMethodAccessorImpl.java:43)
	at java.base/java.lang.reflect.Method.invoke(Method.java:568)
	at org.testng.internal.MethodInvocationHelper.invokeMethod(MethodInvocationHelper.java:133)
	at org.testng.internal.MethodInvocationHelper.invokeMethodConsideringTimeout(MethodInvocationHelper.java:62)
	at org.testng.internal.ConfigInvoker.invokeConfigurationMethod(ConfigInvoker.java:385)
	at org.testng.internal.ConfigInvoker.invokeConfigurations(ConfigInvoker.java:321)
	at org.testng.TestRunner.invokeTestConfigurations(TestRunner.java:637)
	at org.testng.TestRunner.afterRun(TestRunner.java:877)
	at org.testng.TestRunner.run(TestRunner.java:599)
	at org.testng.SuiteRunner.runTest(SuiteRunner.java:377)
	at org.testng.SuiteRunner.runSequentially(SuiteRunner.java:371)
	at org.testng.SuiteRunner.privateRun(SuiteRunner.java:332)
	at org.testng.SuiteRunner.run(SuiteRunner.java:276)
	at org.testng.SuiteRunnerWorker.runSuite(SuiteRunnerWorker.java:53)
	at org.testng.SuiteRunnerWorker.run(SuiteRunnerWorker.java:96)
	at org.testng.TestNG.runSuitesSequentially(TestNG.java:1212)
	at org.testng.TestNG.runSuitesLocally(TestNG.java:1134)
	at org.testng.TestNG.runSuites(TestNG.java:1063)
	at org.testng.TestNG.run(TestNG.java:1031)
	at org.testng.remote.AbstractRemoteTestNG.run(AbstractRemoteTestNG.java:115)
	at org.testng.remote.RemoteTestNG.initAndRun(RemoteTestNG.java:251)
	at org.testng.remote.RemoteTestNG.main(RemoteTestNG.java:77)
</pre></div></td>
<td>0</td>
<td>kultkavaklidere.tests.KrediKarti@1b2abca6</td></tr>
</table><p>
<table width='100%' border='1' class='invocation-passed'>
<tr><td colspan='4' align='center'><b>PASSED TESTS</b></td></tr>
<tr><td><b>Test method</b></td>
<td width="30%"><b>Exception</b></td>
<td width="10%"><b>Time (seconds)</b></td>
<td><b>Instance</b></td>
</tr>
<tr>
<td title='kultkavaklidere.tests.SadeceKrediKarti.sadece_kredi_karti()'><b>sadece_kredi_karti</b><br>Test class: kultkavaklidere.tests.SadeceKrediKarti<br>Parameters: Dusan, Tadic, erginsss@hotmail.com, 5393719540, Ergin Cu, 4122111111111118, 1230, 123</td>
<td></td>
<td>24</td>
<td>kultkavaklidere.tests.SadeceKrediKarti@1de76cc7</td></tr>
<tr>
<td title='kultkavaklidere.tests.SadeceKrediKarti.sadece_kredi_karti()'><b>sadece_kredi_karti</b><br>Test class: kultkavaklidere.tests.SadeceKrediKarti<br>Parameters: Sebastian, Szymanski, erginsss@hotmail.com, 5393719540, Ergin Cu, 4122111111111118, 1230, 123</td>
<td></td>
<td>18</td>
<td>kultkavaklidere.tests.SadeceKrediKarti@1de76cc7</td></tr>
<tr>
<td title='kultkavaklidere.tests.SadeceKrediKarti.sadece_kredi_karti()'><b>sadece_kredi_karti</b><br>Test class: kultkavaklidere.tests.SadeceKrediKarti<br>Parameters: Ergin, Cumalı, erginsssvakifbank@hotmail.com, 5393719540, Ergin Cu, 4910050000000006, 1230, 123</td>
<td></td>
<td>14</td>
<td>kultkavaklidere.tests.SadeceKrediKarti@1de76cc7</td></tr>
<tr>
<td title='kultkavaklidere.tests.KrediKarti.kredi_karti()'><b>kredi_karti</b><br>Test class: kultkavaklidere.tests.KrediKarti<br>Parameters: Ergin, Cumalı, erginsssvakifbank@hotmail.com, 5393719540, Ergin Cu, 4910050000000006, 1230, 123</td>
<td></td>
<td>25</td>
<td>kultkavaklidere.tests.KrediKarti@1b2abca6</td></tr>
<tr>
<td title='kultkavaklidere.tests.KrediKarti.kredi_karti_fail()'><b>kredi_karti_fail</b><br>Test class: kultkavaklidere.tests.KrediKarti<br>Parameters: Ergin, Cumalı, erginssyapikredi@hotmail.com, 5413719540, Ergin Su, 5168880000000002, 1230, 123</td>
<td></td>
<td>36</td>
<td>kultkavaklidere.tests.KrediKarti@1b2abca6</td></tr>
</table><p>
</body>
</html>