<?xml version="1.0" encoding="UTF-8"?>
<!-- Generated by org.testng.reporters.JUnitXMLReporter -->
<testsuite ignored="1" hostname="LAPTOP-TD75HR31" failures="0" tests="5" name="Test" time="62.176" errors="0" timestamp="2023-11-21T19:47:15 TRT">
  <testcase classname="kultkavaklidere.TestComponents.BaseTest" name="@AfterTest closeDriver" time="0.001">
    <failure type="java.lang.NullPointerException" message="Cannot invoke &amp;quot;org.openqa.selenium.WebDriver.quit()&amp;quot; because &amp;quot;d&amp;quot; is null">
      <![CDATA[java.lang.NullPointerException: Cannot invoke "org.openqa.selenium.WebDriver.quit()" because "d" is null
at kultkavaklidere.TestComponents.BaseTest.closeDriver(BaseTest.java:46)
... Removed 24 stack frames]]>
    </failure>
  </testcase> <!-- @AfterTest closeDriver -->
  <testcase classname="kultkavaklidere.tests.SadeceKrediKarti" name="sadece_kredi_karti" time="14.885"/>
  <testcase classname="kultkavaklidere.tests.SadeceKrediKarti" name="sadece_kredi_karti" time="18.933"/>
  <testcase classname="kultkavaklidere.tests.KrediKarti" name="kredi_karti" time="25.493"/>
  <testcase classname="kultkavaklidere.tests.SadeceKrediKarti" name="sadece_kredi_karti" time="24.178"/>
  <testcase classname="kultkavaklidere.tests.KrediKarti" name="kredi_karti_fail" time="36.61"/>
  <testcase classname="kultkavaklidere.TestComponents.BaseTest" name="@AfterTest closeDriver" time="0.0">
    <ignored/>
  </testcase> <!-- @AfterTest closeDriver -->
</testsuite> <!-- Test -->
